{
  "0 debug pnpm:scope": {
    "selected": 1,
    "workspacePrefix": "/Users/chenbohan/my-projects/TooYea"
  },
  "1 info pnpm": {
    "err": {
      "name": "Error",
      "message": "not found: INIT",
      "code": "ENOENT",
      "stack": "Error: not found: INIT\n    at getNotFoundError (/Users/chenbohan/.nvm/versions/node/v16.15.1/lib/node_modules/pnpm/dist/pnpm.cjs:21148:51)\n    at Function.whichSync [as sync] (/Users/chenbohan/.nvm/versions/node/v16.15.1/lib/node_modules/pnpm/dist/pnpm.cjs:21225:13)\n    at getCommandAbsolutePathSync (/Users/chenbohan/.nvm/versions/node/v16.15.1/lib/node_modules/pnpm/dist/pnpm.cjs:22903:44)\n    at default_1 (/Users/chenbohan/.nvm/versions/node/v16.15.1/lib/node_modules/pnpm/dist/pnpm.cjs:22912:32)\n    at /Users/chenbohan/.nvm/versions/node/v16.15.1/lib/node_modules/pnpm/dist/pnpm.cjs:184702:39"
    }
  },
  "2 error pnpm": {
    "code": "ERR_PNPM_RECURSIVE_EXEC_FIRST_FAIL",
    "prefix": "/Users/chenbohan/my-projects/TooYea",
    "err": {
      "name": "pnpm",
      "message": "not found: INIT",
      "code": "ERR_PNPM_RECURSIVE_EXEC_FIRST_FAIL",
      "stack": "Error: not found: INIT\n    at getNotFoundError (/Users/chenbohan/.nvm/versions/node/v16.15.1/lib/node_modules/pnpm/dist/pnpm.cjs:21148:51)\n    at Function.whichSync [as sync] (/Users/chenbohan/.nvm/versions/node/v16.15.1/lib/node_modules/pnpm/dist/pnpm.cjs:21225:13)\n    at getCommandAbsolutePathSync (/Users/chenbohan/.nvm/versions/node/v16.15.1/lib/node_modules/pnpm/dist/pnpm.cjs:22903:44)\n    at default_1 (/Users/chenbohan/.nvm/versions/node/v16.15.1/lib/node_modules/pnpm/dist/pnpm.cjs:22912:32)\n    at /Users/chenbohan/.nvm/versions/node/v16.15.1/lib/node_modules/pnpm/dist/pnpm.cjs:184702:39"
    }
  }
}